<?xml version="1.0" encoding="UTF-8"?>
<!-- Generated by org.testng.reporters.JUnitReportReporter -->
<testsuite hostname="LAPTOP-OC9VCOAV" failures="0" tests="17" name="com.ecommerce.testcases.AccountCreationPageTest" time="18.604" errors="2" timestamp="27 Apr 2022 08:31:13 GMT" skipped="15">
  <testcase classname="com.ecommerce.testcases.AccountCreationPageTest" name="createAccountTest" time="11.733">
    <skipped/>
  </testcase> <!-- createAccountTest -->
  <testcase classname="com.ecommerce.testcases.AccountCreationPageTest" name="createAccountTest" time="0.000">
    <skipped/>
  </testcase> <!-- createAccountTest -->
  <testcase classname="com.ecommerce.testcases.AccountCreationPageTest" name="createAccountTest" time="0.000">
    <skipped/>
  </testcase> <!-- createAccountTest -->
  <testcase classname="com.ecommerce.testcases.AccountCreationPageTest" name="createAccountTest" time="0.000">
    <skipped/>
  </testcase> <!-- createAccountTest -->
  <testcase classname="com.ecommerce.testcases.AccountCreationPageTest" name="createAccountTest" time="0.000">
    <skipped/>
  </testcase> <!-- createAccountTest -->
  <testcase classname="com.ecommerce.testcases.AccountCreationPageTest" name="createAccountTest" time="0.000">
    <skipped/>
  </testcase> <!-- createAccountTest -->
  <testcase classname="com.ecommerce.testcases.AccountCreationPageTest" name="createAccountTest" time="0.000">
    <skipped/>
  </testcase> <!-- createAccountTest -->
  <testcase classname="com.ecommerce.testcases.AccountCreationPageTest" name="createAccountTest" time="0.000">
    <skipped/>
  </testcase> <!-- createAccountTest -->
  <testcase classname="com.ecommerce.testcases.AccountCreationPageTest" name="tearDown" time="0.749">
    <error message="Error communicating with the remote browser. It may have died.
Build info: version: &#039;3.5.3&#039;, revision: &#039;a88d25fe6b&#039;, time: &#039;2017-08-29T12:42:44.417Z&#039;
System info: host: &#039;LAPTOP-OC9VCOAV&#039;, ip: &#039;192.168.43.245&#039;, os.name: &#039;Windows 10&#039;, os.arch: &#039;amd64&#039;, os.version: &#039;10.0&#039;, java.version: &#039;16.0.2&#039;
Driver info: driver.version: RemoteWebDriver
Capabilities [{networkConnectionEnabled=false, chrome={chromedriverVersion=100.0.4896.60 (6a5d10861ce8de5fce22564658033b43cb7de047-refs/branch-heads/4896@{#875}), userDataDir=C:\Users\ashur\AppData\Local\Temp\scoped_dir29724_611649108}, timeouts={implicit=0, pageLoad=300000, script=30000}, pageLoadStrategy=normal, unhandledPromptBehavior=dismiss and notify, strictFileInteractability=false, platform=XP, proxy=Proxy(), goog:chromeOptions={debuggerAddress=localhost:64277}, webauthn:extension:credBlob=true, acceptInsecureCerts=false, browserVersion=100.0.4896.127, browserName=chrome, javascriptEnabled=true, platformName=XP, setWindowRect=true, webauthn:extension:largeBlob=true, webauthn:virtualAuthenticators=true}]
Session ID: 9e25f74f172b501e2e8d6d36d90cb8dd" type="org.openqa.selenium.remote.UnreachableBrowserException">
      <![CDATA[org.openqa.selenium.remote.UnreachableBrowserException: Error communicating with the remote browser. It may have died.Build info: version: '3.5.3', revision: 'a88d25fe6b', time: '2017-08-29T12:42:44.417Z'System info: host: 'LAPTOP-OC9VCOAV', ip: '192.168.43.245', os.name: 'Windows 10', os.arch: 'amd64', os.version: '10.0', java.version: '16.0.2'Driver info: driver.version: RemoteWebDriverCapabilities [{networkConnectionEnabled=false, chrome={chromedriverVersion=100.0.4896.60 (6a5d10861ce8de5fce22564658033b43cb7de047-refs/branch-heads/4896@{#875}), userDataDir=C:\Users\ashur\AppData\Local\Temp\scoped_dir29724_611649108}, timeouts={implicit=0, pageLoad=300000, script=30000}, pageLoadStrategy=normal, unhandledPromptBehavior=dismiss and notify, strictFileInteractability=false, platform=XP, proxy=Proxy(), goog:chromeOptions={debuggerAddress=localhost:64277}, webauthn:extension:credBlob=true, acceptInsecureCerts=false, browserVersion=100.0.4896.127, browserName=chrome, javascriptEnabled=true, platformName=XP, setWindowRect=true, webauthn:extension:largeBlob=true, webauthn:virtualAuthenticators=true}]Session ID: 9e25f74f172b501e2e8d6d36d90cb8ddat org.openqa.selenium.remote.RemoteWebDriver.execute(RemoteWebDriver.java:667)at org.openqa.selenium.remote.RemoteWebDriver.execute(RemoteWebDriver.java:703)at org.openqa.selenium.remote.RemoteWebDriver.quit(RemoteWebDriver.java:542)at com.ecommerce.testcases.AccountCreationPageTest.tearDown(AccountCreationPageTest.java:33)at java.base/jdk.internal.reflect.NativeMethodAccessorImpl.invoke0(Native Method)at java.base/jdk.internal.reflect.NativeMethodAccessorImpl.invoke(NativeMethodAccessorImpl.java:78)at java.base/jdk.internal.reflect.DelegatingMethodAccessorImpl.invoke(DelegatingMethodAccessorImpl.java:43)at java.base/java.lang.reflect.Method.invoke(Method.java:567)at org.testng.internal.MethodInvocationHelper.invokeMethod(MethodInvocationHelper.java:124)at org.testng.internal.MethodInvocationHelper.invokeMethodConsideringTimeout(MethodInvocationHelper.java:59)at org.testng.internal.Invoker.invokeConfigurationMethod(Invoker.java:451)at org.testng.internal.Invoker.invokeConfigurations(Invoker.java:222)at org.testng.internal.Invoker.invokeMethod(Invoker.java:634)at org.testng.internal.Invoker.invokeTestMethod(Invoker.java:707)at org.testng.internal.Invoker.invokeTestMethods(Invoker.java:979)at org.testng.internal.TestMethodWorker.invokeTestMethods(TestMethodWorker.java:125)at org.testng.internal.TestMethodWorker.run(TestMethodWorker.java:109)at org.testng.TestRunner.privateRun(TestRunner.java:648)at org.testng.TestRunner.run(TestRunner.java:505)at org.testng.SuiteRunner.runTest(SuiteRunner.java:455)at org.testng.SuiteRunner.runSequentially(SuiteRunner.java:450)at org.testng.SuiteRunner.privateRun(SuiteRunner.java:415)at org.testng.SuiteRunner.run(SuiteRunner.java:364)at org.testng.SuiteRunnerWorker.runSuite(SuiteRunnerWorker.java:52)at org.testng.SuiteRunnerWorker.run(SuiteRunnerWorker.java:84)at org.testng.TestNG.runSuitesSequentially(TestNG.java:1187)at org.testng.TestNG.runSuitesLocally(TestNG.java:1116)at org.testng.TestNG.runSuites(TestNG.java:1028)at org.testng.TestNG.run(TestNG.java:996)at org.testng.remote.AbstractRemoteTestNG.run(AbstractRemoteTestNG.java:115)at org.testng.remote.RemoteTestNG.initAndRun(RemoteTestNG.java:251)at org.testng.remote.RemoteTestNG.main(RemoteTestNG.java:77)Caused by: java.lang.RuntimeException: Process refused to die after 10 seconds, and couldn't taskkill it: Couldn't detect pidat org.openqa.selenium.os.ProcessUtils.killWinProcess(ProcessUtils.java:133)at org.openqa.selenium.os.ProcessUtils.killProcess(ProcessUtils.java:81)at org.openqa.selenium.os.UnixProcess$SeleniumWatchDog.destroyHarder(UnixProcess.java:265)at org.openqa.selenium.os.UnixProcess$SeleniumWatchDog.access$200(UnixProcess.java:219)at org.openqa.selenium.os.UnixProcess.destroy(UnixProcess.java:127)at org.openqa.selenium.os.CommandLine.destroy(CommandLine.java:153)at org.openqa.selenium.remote.service.DriverService.stop(DriverService.java:220)at org.openqa.selenium.remote.service.DriverCommandExecutor.execute(DriverCommandExecutor.java:94)at org.openqa.selenium.remote.RemoteWebDriver.execute(RemoteWebDriver.java:646)... 31 moreCaused by: java.lang.RuntimeException: Couldn't detect pidat org.openqa.selenium.os.ProcessUtils.getProcessId(ProcessUtils.java:195)at org.openqa.selenium.os.ProcessUtils.killWinProcess(ProcessUtils.java:128)... 39 moreCaused by: java.lang.reflect.InaccessibleObjectException: Unable to make field private final long java.lang.ProcessImpl.handle accessible: module java.base does not "opens java.lang" to unnamed module @4cc0edebat java.base/java.lang.reflect.AccessibleObject.checkCanSetAccessible(AccessibleObject.java:357)at java.base/java.lang.reflect.AccessibleObject.checkCanSetAccessible(AccessibleObject.java:297)at java.base/java.lang.reflect.Field.checkCanSetAccessible(Field.java:177)at java.base/java.lang.reflect.Field.setAccessible(Field.java:171)at org.openqa.selenium.os.ProcessUtils.getProcessId(ProcessUtils.java:181)... 40 more]]>
    </error>
  </testcase> <!-- tearDown -->
  <testcase classname="com.ecommerce.testcases.AccountCreationPageTest" name="verifyCreateAccountPageTest" time="0.000">
    <skipped/>
  </testcase> <!-- verifyCreateAccountPageTest -->
  <testcase classname="com.ecommerce.testcases.AccountCreationPageTest" name="createAccountTest" time="0.000">
    <skipped/>
  </testcase> <!-- createAccountTest -->
  <testcase classname="com.ecommerce.testcases.AccountCreationPageTest" name="createAccountTest" time="0.000">
    <skipped/>
  </testcase> <!-- createAccountTest -->
  <testcase classname="com.ecommerce.testcases.AccountCreationPageTest" name="createAccountTest" time="0.000">
    <skipped/>
  </testcase> <!-- createAccountTest -->
  <testcase classname="com.ecommerce.testcases.AccountCreationPageTest" name="createAccountTest" time="0.000">
    <skipped/>
  </testcase> <!-- createAccountTest -->
  <testcase classname="com.ecommerce.testcases.AccountCreationPageTest" name="createAccountTest" time="0.000">
    <skipped/>
  </testcase> <!-- createAccountTest -->
  <testcase classname="com.ecommerce.testcases.AccountCreationPageTest" name="createAccountTest" time="6.122">
    <error message="Cannot invoke &quot;String.equalsIgnoreCase(String)&quot; because &quot;gender&quot; is null" type="java.lang.NullPointerException">
      <![CDATA[java.lang.NullPointerException: Cannot invoke "String.equalsIgnoreCase(String)" because "gender" is nullat com.ecommerce.pageobjects.AccountCreationPage.createAccount(AccountCreationPage.java:84)at com.ecommerce.testcases.AccountCreationPageTest.createAccountTest(AccountCreationPageTest.java:54)at java.base/jdk.internal.reflect.NativeMethodAccessorImpl.invoke0(Native Method)at java.base/jdk.internal.reflect.NativeMethodAccessorImpl.invoke(NativeMethodAccessorImpl.java:78)at java.base/jdk.internal.reflect.DelegatingMethodAccessorImpl.invoke(DelegatingMethodAccessorImpl.java:43)at java.base/java.lang.reflect.Method.invoke(Method.java:567)at org.testng.internal.MethodInvocationHelper.invokeMethod(MethodInvocationHelper.java:124)at org.testng.internal.Invoker.invokeMethod(Invoker.java:571)at org.testng.internal.Invoker.invokeTestMethod(Invoker.java:707)at org.testng.internal.Invoker.invokeTestMethods(Invoker.java:979)at org.testng.internal.TestMethodWorker.invokeTestMethods(TestMethodWorker.java:125)at org.testng.internal.TestMethodWorker.run(TestMethodWorker.java:109)at org.testng.TestRunner.privateRun(TestRunner.java:648)at org.testng.TestRunner.run(TestRunner.java:505)at org.testng.SuiteRunner.runTest(SuiteRunner.java:455)at org.testng.SuiteRunner.runSequentially(SuiteRunner.java:450)at org.testng.SuiteRunner.privateRun(SuiteRunner.java:415)at org.testng.SuiteRunner.run(SuiteRunner.java:364)at org.testng.SuiteRunnerWorker.runSuite(SuiteRunnerWorker.java:52)at org.testng.SuiteRunnerWorker.run(SuiteRunnerWorker.java:84)at org.testng.TestNG.runSuitesSequentially(TestNG.java:1187)at org.testng.TestNG.runSuitesLocally(TestNG.java:1116)at org.testng.TestNG.runSuites(TestNG.java:1028)at org.testng.TestNG.run(TestNG.java:996)at org.testng.remote.AbstractRemoteTestNG.run(AbstractRemoteTestNG.java:115)at org.testng.remote.RemoteTestNG.initAndRun(RemoteTestNG.java:251)at org.testng.remote.RemoteTestNG.main(RemoteTestNG.java:77)]]>
    </error>
  </testcase> <!-- createAccountTest -->
  <testcase classname="com.ecommerce.testcases.AccountCreationPageTest" name="createAccountTest" time="0.000">
    <skipped/>
  </testcase> <!-- createAccountTest -->
</testsuite> <!-- com.ecommerce.testcases.AccountCreationPageTest -->
